<?xml version="1.0" encoding="UTF-8"?>
<testng-results ignored="0" total="3" passed="3" failed="0" skipped="0">
  <reporter-output>
  </reporter-output>
  <suite started-at="2021-04-20T14:26:37 IST" name="Default suite" finished-at="2021-04-20T14:26:53 IST" duration-ms="16165">
    <groups>
    </groups>
    <test started-at="2021-04-20T14:26:37 IST" name="Default test" finished-at="2021-04-20T14:26:53 IST" duration-ms="16165">
      <class name="DataProvider">
        <test-method is-config="true" signature="openBrowser()[pri:0, instance:DataProvider@233fe9b6]" started-at="2021-04-20T14:26:37 IST" name="openBrowser" finished-at="2021-04-20T14:26:43 IST" duration-ms="5569" status="PASS">
          <reporter-output>
          </reporter-output>
        </test-method> <!-- openBrowser -->
        <test-method signature="login(java.lang.String, java.lang.String)[pri:0, instance:DataProvider@233fe9b6]" started-at="2021-04-20T14:26:43 IST" name="login" data-provider="TestData" finished-at="2021-04-20T14:26:43 IST" duration-ms="347" status="PASS">
          <params>
            <param index="0">
              <value>
                <![CDATA[u1]]>
              </value>
            </param>
            <param index="1">
              <value>
                <![CDATA[p1]]>
              </value>
            </param>
          </params>
          <reporter-output>
          </reporter-output>
        </test-method> <!-- login -->
        <test-method is-config="true" signature="closeBrowser()[pri:0, instance:DataProvider@233fe9b6]" started-at="2021-04-20T14:26:43 IST" name="closeBrowser" finished-at="2021-04-20T14:26:43 IST" duration-ms="0" status="PASS">
          <reporter-output>
          </reporter-output>
        </test-method> <!-- closeBrowser -->
        <test-method is-config="true" signature="openBrowser()[pri:0, instance:DataProvider@233fe9b6]" started-at="2021-04-20T14:26:43 IST" name="openBrowser" finished-at="2021-04-20T14:26:47 IST" duration-ms="4514" status="PASS">
          <reporter-output>
          </reporter-output>
        </test-method> <!-- openBrowser -->
        <test-method signature="login(java.lang.String, java.lang.String)[pri:0, instance:DataProvider@233fe9b6]" started-at="2021-04-20T14:26:47 IST" name="login" data-provider="TestData" finished-at="2021-04-20T14:26:48 IST" duration-ms="283" status="PASS">
          <params>
            <param index="0">
              <value>
                <![CDATA[u2]]>
              </value>
            </param>
            <param index="1">
              <value>
                <![CDATA[p2]]>
              </value>
            </param>
          </params>
          <reporter-output>
          </reporter-output>
        </test-method> <!-- login -->
        <test-method is-config="true" signature="openBrowser()[pri:0, instance:DataProvider@233fe9b6]" started-at="2021-04-20T14:26:48 IST" name="openBrowser" finished-at="2021-04-20T14:26:53 IST" duration-ms="4961" status="PASS">
          <reporter-output>
          </reporter-output>
        </test-method> <!-- openBrowser -->
        <test-method is-config="true" signature="closeBrowser()[pri:0, instance:DataProvider@233fe9b6]" started-at="2021-04-20T14:26:48 IST" name="closeBrowser" finished-at="2021-04-20T14:26:48 IST" duration-ms="0" status="PASS">
          <reporter-output>
          </reporter-output>
        </test-method> <!-- closeBrowser -->
        <test-method signature="login(java.lang.String, java.lang.String)[pri:0, instance:DataProvider@233fe9b6]" started-at="2021-04-20T14:26:53 IST" name="login" data-provider="TestData" finished-at="2021-04-20T14:26:53 IST" duration-ms="429" status="PASS">
          <params>
            <param index="0">
              <value>
                <![CDATA[u3]]>
              </value>
            </param>
            <param index="1">
              <value>
                <![CDATA[p3]]>
              </value>
            </param>
          </params>
          <reporter-output>
          </reporter-output>
        </test-method> <!-- login -->
        <test-method is-config="true" signature="closeBrowser()[pri:0, instance:DataProvider@233fe9b6]" started-at="2021-04-20T14:26:53 IST" name="closeBrowser" finished-at="2021-04-20T14:26:53 IST" duration-ms="1" status="PASS">
          <reporter-output>
          </reporter-output>
        </test-method> <!-- closeBrowser -->
      </class> <!-- DataProvider -->
    </test> <!-- Default test -->
  </suite> <!-- Default suite -->
</testng-results>
